<?xml version="1.0" encoding="UTF-8"?>
<!-- Generated by org.testng.reporters.JUnitReportReporter -->
<testsuite hostname="DESKTOP-896SHKI" failures="0" tests="1" name="com.testCases.MakeAppointmentLogin" time="1.532" errors="0" timestamp="2023-06-09T11:58:53 EDT" skipped="0">
  <testcase classname="com.testCases.MakeAppointmentLogin" name="curaHealthCarelogin" time="1.532"/>
  <system-out/>
</testsuite> <!-- com.testCases.MakeAppointmentLogin -->
