<?xml version="1.0" encoding="UTF-8"?>
<!-- Generated by org.testng.reporters.JUnitReportReporter -->
<testsuite hostname="DESKTOP-896SHKI" failures="0" tests="1" name="com.testCases.InvalidDate" time="1.452" errors="0" timestamp="2023-06-07T15:32:20 EDT" skipped="0">
  <testcase classname="com.testCases.InvalidDate" name="invalidDate" time="1.452"/>
  <system-out/>
</testsuite> <!-- com.testCases.InvalidDate -->
