<?xml version="1.0" encoding="UTF-8"?>
<!-- Generated by org.testng.reporters.JUnitReportReporter -->
<testsuite hostname="DESKTOP-896SHKI" failures="0" tests="6" name="com.testCases.ReadmissionBooking" time="3.467" errors="0" timestamp="2023-06-20T10:55:39 EDT" skipped="0">
  <testcase classname="com.testCases.ReadmissionBooking" name="selectingFacility" time="0.969"/>
  <system-out/>
  <testcase classname="com.testCases.ReadmissionBooking" name="checkBoxReadmission" time="0.174"/>
  <system-out/>
  <testcase classname="com.testCases.ReadmissionBooking" name="healthProgramOptionbtn" time="0.297"/>
  <system-out/>
  <testcase classname="com.testCases.ReadmissionBooking" name="visitingDate" time="0.839"/>
  <system-out/>
  <testcase classname="com.testCases.ReadmissionBooking" name="sendComment" time="0.641"/>
  <system-out/>
  <testcase classname="com.testCases.ReadmissionBooking" name="readmissionConfirmation" time="0.547"/>
  <system-out/>
</testsuite> <!-- com.testCases.ReadmissionBooking -->
