<?xml version="1.0" encoding="UTF-8"?>
<!-- Generated by org.testng.reporters.JUnitReportReporter -->
<testsuite hostname="DESKTOP-896SHKI" failures="0" tests="5" name="com.testCases.BookingAppointment" time="1.974" errors="0" timestamp="2023-06-09T11:58:53 EDT" skipped="0">
  <testcase classname="com.testCases.BookingAppointment" name="bookingAppointment" time="0.727"/>
  <system-out/>
  <testcase classname="com.testCases.BookingAppointment" name="radioButn" time="0.140"/>
  <system-out/>
  <testcase classname="com.testCases.BookingAppointment" name="selectingVisitDate" time="0.376"/>
  <system-out/>
  <testcase classname="com.testCases.BookingAppointment" name="sendComment" time="0.420"/>
  <system-out/>
  <testcase classname="com.testCases.BookingAppointment" name="bookingConfirmation" time="0.311"/>
  <system-out/>
</testsuite> <!-- com.testCases.BookingAppointment -->
