<?xml version="1.0" encoding="UTF-8"?>
<!-- Generated by org.testng.reporters.JUnitReportReporter -->
<testsuite hostname="DESKTOP-896SHKI" failures="0" tests="5" name="com.testCases.BookingAppointment" time="1.924" errors="0" timestamp="2023-06-07T15:32:20 EDT" skipped="0">
  <testcase classname="com.testCases.BookingAppointment" name="bookingAppointment" time="0.595"/>
  <system-out/>
  <testcase classname="com.testCases.BookingAppointment" name="radioButn" time="0.131"/>
  <system-out/>
  <testcase classname="com.testCases.BookingAppointment" name="selectingVisitDate" time="0.400"/>
  <system-out/>
  <testcase classname="com.testCases.BookingAppointment" name="sendComment" time="0.487"/>
  <system-out/>
  <testcase classname="com.testCases.BookingAppointment" name="bookingConfirmation" time="0.311"/>
  <system-out/>
</testsuite> <!-- com.testCases.BookingAppointment -->
