<?xml version="1.0" encoding="UTF-8"?>
<!-- Generated by org.testng.reporters.JUnitReportReporter -->
<testsuite hostname="DESKTOP-896SHKI" failures="0" tests="6" name="com.testCases.ReadmissionBooking" time="2.599" errors="0" timestamp="2023-06-07T15:32:20 EDT" skipped="0">
  <testcase classname="com.testCases.ReadmissionBooking" name="selectingFacility" time="0.817"/>
  <system-out/>
  <testcase classname="com.testCases.ReadmissionBooking" name="checkBoxReadmission" time="0.157"/>
  <system-out/>
  <testcase classname="com.testCases.ReadmissionBooking" name="healthProgramOptionbtn" time="0.232"/>
  <system-out/>
  <testcase classname="com.testCases.ReadmissionBooking" name="visitingDate" time="0.632"/>
  <system-out/>
  <testcase classname="com.testCases.ReadmissionBooking" name="sendComment" time="0.458"/>
  <system-out/>
  <testcase classname="com.testCases.ReadmissionBooking" name="readmissionConfirmation" time="0.303"/>
  <system-out/>
</testsuite> <!-- com.testCases.ReadmissionBooking -->
