<?xml version="1.0" encoding="UTF-8"?>
<!-- Generated by org.testng.reporters.JUnitReportReporter -->
<testsuite hostname="DESKTOP-896SHKI" failures="0" tests="6" name="com.testCases.ReadmissionBooking" time="2.225" errors="0" timestamp="2023-06-09T11:58:53 EDT" skipped="0">
  <testcase classname="com.testCases.ReadmissionBooking" name="selectingFacility" time="0.526"/>
  <system-out/>
  <testcase classname="com.testCases.ReadmissionBooking" name="checkBoxReadmission" time="0.154"/>
  <system-out/>
  <testcase classname="com.testCases.ReadmissionBooking" name="healthProgramOptionbtn" time="0.227"/>
  <system-out/>
  <testcase classname="com.testCases.ReadmissionBooking" name="visitingDate" time="0.613"/>
  <system-out/>
  <testcase classname="com.testCases.ReadmissionBooking" name="sendComment" time="0.433"/>
  <system-out/>
  <testcase classname="com.testCases.ReadmissionBooking" name="readmissionConfirmation" time="0.272"/>
  <system-out/>
</testsuite> <!-- com.testCases.ReadmissionBooking -->
