<?xml version="1.0" encoding="UTF-8"?>
<!-- Generated by org.testng.reporters.JUnitReportReporter -->
<testsuite hostname="DESKTOP-896SHKI" failures="0" tests="5" name="com.testCases.BookingAppointment" time="2.713" errors="0" timestamp="2023-06-20T10:55:39 EDT" skipped="0">
  <testcase classname="com.testCases.BookingAppointment" name="bookingAppointment" time="0.738"/>
  <system-out/>
  <testcase classname="com.testCases.BookingAppointment" name="radioButn" time="0.200"/>
  <system-out/>
  <testcase classname="com.testCases.BookingAppointment" name="selectingVisitDate" time="0.645"/>
  <system-out/>
  <testcase classname="com.testCases.BookingAppointment" name="sendComment" time="0.597"/>
  <system-out/>
  <testcase classname="com.testCases.BookingAppointment" name="bookingConfirmation" time="0.533"/>
  <system-out/>
</testsuite> <!-- com.testCases.BookingAppointment -->
