<?xml version="1.0" encoding="UTF-8"?>
<!-- Generated by org.testng.reporters.JUnitReportReporter -->
<testsuite hostname="DESKTOP-896SHKI" failures="0" tests="6" name="com.testCases.InvalidLogin" time="7.646" errors="0" timestamp="2023-06-20T10:55:39 EDT" skipped="0">
  <testcase classname="com.testCases.InvalidLogin" name="invalidLogin" time="1.102"/>
  <system-out/>
  <testcase classname="com.testCases.InvalidLogin" name="invalidLogin" time="1.336"/>
  <system-out/>
  <testcase classname="com.testCases.InvalidLogin" name="invalidLogin" time="1.214"/>
  <system-out/>
  <testcase classname="com.testCases.InvalidLogin" name="invalidLogin" time="1.090"/>
  <system-out/>
  <testcase classname="com.testCases.InvalidLogin" name="invalidLogin" time="1.552"/>
  <system-out/>
  <testcase classname="com.testCases.InvalidLogin" name="invalidLogin" time="1.352"/>
  <system-out/>
</testsuite> <!-- com.testCases.InvalidLogin -->
