<?xml version="1.0" encoding="UTF-8"?>
<!-- Generated by org.testng.reporters.JUnitReportReporter -->
<testsuite hostname="DESKTOP-896SHKI" failures="0" tests="6" name="com.testCases.InvalidLogin" time="6.153" errors="0" timestamp="2023-06-09T11:58:53 EDT" skipped="0">
  <testcase classname="com.testCases.InvalidLogin" name="invalidLogin" time="0.954"/>
  <system-out/>
  <testcase classname="com.testCases.InvalidLogin" name="invalidLogin" time="0.909"/>
  <system-out/>
  <testcase classname="com.testCases.InvalidLogin" name="invalidLogin" time="0.938"/>
  <system-out/>
  <testcase classname="com.testCases.InvalidLogin" name="invalidLogin" time="0.901"/>
  <system-out/>
  <testcase classname="com.testCases.InvalidLogin" name="invalidLogin" time="1.087"/>
  <system-out/>
  <testcase classname="com.testCases.InvalidLogin" name="invalidLogin" time="1.364"/>
  <system-out/>
</testsuite> <!-- com.testCases.InvalidLogin -->
