<?xml version="1.0" encoding="UTF-8"?>
<!-- Generated by org.testng.reporters.JUnitReportReporter -->
<testsuite hostname="DESKTOP-896SHKI" failures="0" tests="1" name="com.testCases.MakeAppointmentLogin" time="2.910" errors="0" timestamp="2023-06-20T10:55:39 EDT" skipped="0">
  <testcase classname="com.testCases.MakeAppointmentLogin" name="curaHealthCarelogin" time="2.910"/>
  <system-out/>
</testsuite> <!-- com.testCases.MakeAppointmentLogin -->
